<?xml version="1.0" encoding="UTF-8"?>
<!-- Generated by org.testng.reporters.JUnitReportReporter -->
<testsuite hostname="Liseinfotechone" failures="0" tests="4" name="com.lise.Test.GetPostPutDelete" time="12.159" errors="0" timestamp="2023-01-25T17:04:04 IST" skipped="0">
  <testcase classname="com.lise.Test.GetPostPutDelete" name="getAllTest" time="0.892"/>
  <system-out/>
  <testcase classname="com.lise.Test.GetPostPutDelete" name="updateTest" time="3.466"/>
  <system-out/>
  <testcase classname="com.lise.Test.GetPostPutDelete" name="deleteTest" time="5.093"/>
  <system-out/>
  <testcase classname="com.lise.Test.GetPostPutDelete" name="postTest" time="2.708"/>
  <system-out/>
</testsuite> <!-- com.lise.Test.GetPostPutDelete -->
