<?xml version="1.0" encoding="UTF-8"?>
<!-- Generated by org.testng.reporters.JUnitReportReporter -->
<testsuite hostname="Liseinfotechone" failures="0" tests="4" name="com.lise.Test.GetPostPutDelete" time="10.316" errors="0" timestamp="2023-01-25T20:49:56 IST" skipped="0">
  <testcase classname="com.lise.Test.GetPostPutDelete" name="getAllTest" time="1.074"/>
  <system-out/>
  <testcase classname="com.lise.Test.GetPostPutDelete" name="updateTest" time="2.898"/>
  <system-out/>
  <testcase classname="com.lise.Test.GetPostPutDelete" name="deleteTest" time="4.287"/>
  <system-out/>
  <testcase classname="com.lise.Test.GetPostPutDelete" name="postTest" time="2.057"/>
  <system-out/>
</testsuite> <!-- com.lise.Test.GetPostPutDelete -->
