<?xml version="1.0" encoding="UTF-8"?>
<!-- Generated by org.testng.reporters.JUnitReportReporter -->
<testsuite hostname="Liseinfotechone" failures="0" tests="5" name="com.lise.Test.GetPostPutDelete" time="10.804" errors="0" timestamp="2023-01-27T19:01:08 IST" skipped="0">
  <testcase classname="com.lise.Test.GetPostPutDelete" name="postTest" time="2.184"/>
  <system-out/>
  <testcase classname="com.lise.Test.GetPostPutDelete" name="newBranchTest1" time="0.000"/>
  <system-out/>
  <testcase classname="com.lise.Test.GetPostPutDelete" name="getAllTest" time="1.050"/>
  <system-out/>
  <testcase classname="com.lise.Test.GetPostPutDelete" name="updateTest" time="3.168"/>
  <system-out/>
  <testcase classname="com.lise.Test.GetPostPutDelete" name="deleteTest" time="4.402"/>
  <system-out/>
</testsuite> <!-- com.lise.Test.GetPostPutDelete -->
