<?xml version="1.0" encoding="UTF-8"?>
<!-- Generated by org.testng.reporters.JUnitReportReporter -->
<testsuite hostname="Liseinfotechone" failures="0" tests="4" name="com.lise.Test.GetPostPutDelete" time="10.611" errors="0" timestamp="2023-01-13T19:43:20 IST" skipped="0">
  <testcase classname="com.lise.Test.GetPostPutDelete" name="postTest" time="2.453"/>
  <system-out/>
  <testcase classname="com.lise.Test.GetPostPutDelete" name="deleteTest" time="4.506"/>
  <system-out/>
  <testcase classname="com.lise.Test.GetPostPutDelete" name="getAllTest" time="1.207"/>
  <system-out/>
  <testcase classname="com.lise.Test.GetPostPutDelete" name="updateTest" time="2.445"/>
  <system-out/>
</testsuite> <!-- com.lise.Test.GetPostPutDelete -->
